TN:
SF:/Shared/LabAMSC/Labs/2025-26/04-debugging-optimisation-class_templates/01-profiling-debugging/01-matrix-solution-2-coverage/matrix.hpp
FN:16,_ZNK6matrix7sub2indEjj
FNDA:0,_ZNK6matrix7sub2indEjj
FN:22,_ZN6matrix5valueEjj
FNDA:0,_ZN6matrix5valueEjj
FN:28,_ZNK6matrix5valueEjj
FNDA:1020000,_ZNK6matrix5valueEjj
FN:43,_ZN6matrixC2Ejj
FNDA:3,_ZN6matrixC2Ejj
FN:53,_ZNK6matrix8get_rowsEv
FNDA:20305,_ZNK6matrix8get_rowsEv
FN:59,_ZNK6matrix8get_colsEv
FNDA:1020306,_ZNK6matrix8get_colsEv
FN:65,_ZN6matrixclEjj
FNDA:0,_ZN6matrixclEjj
FN:71,_ZNK6matrixclEjj
FNDA:1000000,_ZNK6matrixclEjj
FN:83,_ZN6matrix8get_dataEv
FNDA:0,_ZN6matrix8get_dataEv
FNF:9
FNH:5
DA:16,0
DA:18,0
DA:22,0
DA:24,0
DA:28,1020000
DA:30,1020000
DA:43,3
DA:44,6
DA:45,3
DA:47,3
DA:48,3
DA:53,20305
DA:55,20305
DA:59,1020306
DA:61,1020306
DA:65,0
DA:67,0
DA:71,1000000
DA:73,1000000
DA:83,0
DA:85,0
LF:21
LH:13
end_of_record
SF:/Shared/LabAMSC/Labs/2025-26/04-debugging-optimisation-class_templates/01-profiling-debugging/01-matrix-solution-2-coverage/matrix.cpp
FN:9,_ZNK6matrix9transposeEv
FNDA:2,_ZNK6matrix9transposeEv
FN:19,_ZmlRK6matrixS1_
FNDA:1,_ZmlRK6matrixS1_
FN:33,_ZN6matrix5solveERS_
FNDA:0,_ZN6matrix5solveERS_
FN:69,_ZN6matrix9factorizeEv
FNDA:0,_ZN6matrix9factorizeEv
FNF:4
FNH:2
DA:9,2
DA:11,2
DA:13,202
DA:14,20200
DA:15,20000
DA:16,2
DA:19,1
DA:22,1
DA:23,1
DA:24,1
DA:25,101
DA:26,10100
DA:27,1010000
DA:28,1000000
DA:29,2
DA:30,1
DA:33,0
DA:39,0
DA:41,0
DA:42,0
DA:45,0
DA:47,0
DA:48,0
DA:50,0
DA:51,0
DA:52,0
DA:53,0
DA:57,0
DA:58,0
DA:60,0
DA:61,0
DA:62,0
DA:63,0
DA:64,0
DA:66,0
DA:69,0
DA:71,0
DA:72,0
DA:73,0
DA:75,0
DA:76,0
DA:78,0
DA:79,0
DA:81,0
DA:82,0
DA:84,0
DA:85,0
DA:86,0
DA:87,0
DA:89,0
DA:90,0
DA:93,0
DA:94,0
DA:96,0
DA:97,0
DA:99,0
DA:101,0
DA:102,0
DA:105,0
DA:106,0
LF:60
LH:16
end_of_record
TN:
SF:/Shared/LabAMSC/Labs/2025-26/04-debugging-optimisation-class_templates/01-profiling-debugging/01-matrix-solution-2-coverage/matrix.hpp
FN:16,_ZNK6matrix7sub2indEjj
FNDA:3040400,_ZNK6matrix7sub2indEjj
FN:22,_ZN6matrix5valueEjj
FNDA:2020400,_ZN6matrix5valueEjj
FN:36,_ZN6matrixC2Ej
FNDA:2,_ZN6matrixC2Ej
FN:65,_ZN6matrixclEjj
FNDA:2020400,_ZN6matrixclEjj
FNF:4
FNH:4
DA:16,3040400
DA:18,3040400
DA:22,2020400
DA:24,2020400
DA:36,2
DA:37,4
DA:38,2
DA:40,2
DA:41,2
DA:65,2020400
DA:67,2020400
LF:11
LH:11
end_of_record
SF:/Shared/LabAMSC/Labs/2025-26/04-debugging-optimisation-class_templates/01-profiling-debugging/01-matrix-solution-2-coverage/test_matrix_mult.cpp
FN:6,main
FNDA:1,main
FNF:1
FNH:1
DA:6,1
DA:8,1
DA:9,1
DA:10,101
DA:12,100
DA:13,100
DA:14,100
DA:15,100
DA:18,1
DA:20,1
DA:21,1
DA:22,1
DA:24,1
DA:25,1
DA:26,1
DA:28,1
DA:30,1
LF:17
LH:17
end_of_record
